This is pdfTeX, Version 3.141592653-2.6-1.40.22 (TeX Live 2022/dev/Debian) (preloaded format=pdflatex 2022.3.13)  29 MAR 2022 16:56
entering extended mode
 restricted \write18 enabled.
 %&-line parsing enabled.
**main.tex
(./main.tex
LaTeX2e <2021-11-15> patch level 1
L3 programming layer <2022-01-21>
(/usr/share/texlive/texmf-dist/tex/latex/base/article.cls
Document Class: article 2021/10/04 v1.4n Standard LaTeX document class
(/usr/share/texlive/texmf-dist/tex/latex/base/size11.clo
File: size11.clo 2021/10/04 v1.4n Standard LaTeX file (size option)
)
\c@part=\count185
\c@section=\count186
\c@subsection=\count187
\c@subsubsection=\count188
\c@paragraph=\count189
\c@subparagraph=\count190
\c@figure=\count191
\c@table=\count192
\abovecaptionskip=\skip47
\belowcaptionskip=\skip48
\bibindent=\dimen138
)
(/usr/share/texlive/texmf-dist/tex/latex/was/gensymb.sty
Package: gensymb 2003/07/02 v1.0 (WaS)
)
(/usr/share/texlive/texmf-dist/tex/latex/amsmath/amsmath.sty
Package: amsmath 2021/10/15 v2.17l AMS math features
\@mathmargin=\skip49

For additional information on amsmath, use the `?' option.
(/usr/share/texlive/texmf-dist/tex/latex/amsmath/amstext.sty
Package: amstext 2021/08/26 v2.01 AMS text

(/usr/share/texlive/texmf-dist/tex/latex/amsmath/amsgen.sty
File: amsgen.sty 1999/11/30 v2.0 generic functions
\@emptytoks=\toks16
\ex@=\dimen139
))
(/usr/share/texlive/texmf-dist/tex/latex/amsmath/amsbsy.sty
Package: amsbsy 1999/11/29 v1.2d Bold Symbols
\pmbraise@=\dimen140
)
(/usr/share/texlive/texmf-dist/tex/latex/amsmath/amsopn.sty
Package: amsopn 2021/08/26 v2.02 operator names
)
\inf@bad=\count193
LaTeX Info: Redefining \frac on input line 234.
\uproot@=\count194
\leftroot@=\count195
LaTeX Info: Redefining \overline on input line 399.
\classnum@=\count196
\DOTSCASE@=\count197
LaTeX Info: Redefining \ldots on input line 496.
LaTeX Info: Redefining \dots on input line 499.
LaTeX Info: Redefining \cdots on input line 620.
\Mathstrutbox@=\box50
\strutbox@=\box51
\big@size=\dimen141
LaTeX Font Info:    Redeclaring font encoding OML on input line 743.
LaTeX Font Info:    Redeclaring font encoding OMS on input line 744.
\macc@depth=\count198
\c@MaxMatrixCols=\count199
\dotsspace@=\muskip16
\c@parentequation=\count266
\dspbrk@lvl=\count267
\tag@help=\toks17
\row@=\count268
\column@=\count269
\maxfields@=\count270
\andhelp@=\toks18
\eqnshift@=\dimen142
\alignsep@=\dimen143
\tagshift@=\dimen144
\tagwidth@=\dimen145
\totwidth@=\dimen146
\lineht@=\dimen147
\@envbody=\toks19
\multlinegap=\skip50
\multlinetaggap=\skip51
\mathdisplay@stack=\toks20
LaTeX Info: Redefining \[ on input line 2938.
LaTeX Info: Redefining \] on input line 2939.
)
(/usr/share/texlive/texmf-dist/tex/latex/oberdiek/stackrel.sty
Package: stackrel 2016/05/16 v1.3 Adding subscript option to stackrel (HO)

(/usr/share/texlive/texmf-dist/tex/generic/etexcmds/etexcmds.sty
Package: etexcmds 2019/12/15 v1.7 Avoid name clashes with e-TeX commands (HO)

(/usr/share/texlive/texmf-dist/tex/generic/infwarerr/infwarerr.sty
Package: infwarerr 2019/12/03 v1.5 Providing info/warning/error messages (HO)
)
(/usr/share/texlive/texmf-dist/tex/generic/iftex/iftex.sty
Package: iftex 2020/03/06 v1.0d TeX engine tests
))
(/usr/share/texlive/texmf-dist/tex/generic/pdftexcmds/pdftexcmds.sty
Package: pdftexcmds 2020-06-27 v0.33 Utility functions of pdfTeX for LuaTeX (HO
)

(/usr/share/texlive/texmf-dist/tex/generic/ltxcmds/ltxcmds.sty
Package: ltxcmds 2020-05-10 v1.25 LaTeX kernel commands for general use (HO)
)
Package pdftexcmds Info: \pdf@primitive is available.
Package pdftexcmds Info: \pdf@ifprimitive is available.
Package pdftexcmds Info: \pdfdraftmode found.
))
(/usr/share/texlive/texmf-dist/tex/latex/base/inputenc.sty
Package: inputenc 2021/02/14 v1.3d Input encoding file
\inpenc@prehook=\toks21
\inpenc@posthook=\toks22
)
(/usr/share/texlive/texmf-dist/tex/latex/anysize/anysize.sty
Package: anysize 1994/08/13 setting margin sizes

document style option `anysize' loaded
Michael Salzenberg, Thomas Esser, Dirk Hillbrecht
Version 1.0, Aug 13, 1994
\@Leftmargin=\dimen148
\@Rightmargin=\dimen149
\@Topmargin=\dimen150
\@Bottommargin=\dimen151
) (/usr/share/texlive/texmf-dist/tex/latex/titlesec/titletoc.sty
Package: titletoc 2021/07/05 v2.14 TOC entries
\ttl@leftsep=\dimen152
)
(/usr/share/texlive/texmf-dist/tex/latex/base/fontenc.sty
Package: fontenc 2021/04/29 v2.0v Standard LaTeX package
)
(/usr/share/texlive/texmf-dist/tex/latex/base/textcomp.sty
Package: textcomp 2020/02/02 v2.0n Standard LaTeX package
)
(/usr/share/texlive/texmf-dist/tex/latex/sectsty/sectsty.sty
Package: sectsty 2002/02/25 v2.0.2 Commands to change all sectional heading sty
les


LaTeX Warning: Command \underbar  has changed.
               Check if current package is valid.


LaTeX Warning: Command \underline  has changed.
               Check if current package is valid.

) (/usr/share/texlive/texmf-dist/tex/latex/titlesec/titlesec.sty
Package: titlesec 2021/07/05 v2.14 Sectioning titles
\ttl@box=\box52
\beforetitleunit=\skip52
\aftertitleunit=\skip53
\ttl@plus=\dimen153
\ttl@minus=\dimen154
\ttl@toksa=\toks23
\titlewidth=\dimen155
\titlewidthlast=\dimen156
\titlewidthfirst=\dimen157
)
(/usr/share/texlive/texmf-dist/tex/generic/babel/babel.sty
Package: babel 2022/01/26 3.70 The Babel package
\babel@savecnt=\count271
\U@D=\dimen158
\l@unhyphenated=\language6

(/usr/share/texlive/texmf-dist/tex/generic/babel/txtbabel.def)
\bbl@readstream=\read2
\bbl@dirlevel=\count272

(/usr/share/texlive/texmf-dist/tex/generic/babel-spanish/spanish.ldf
Language: spanish.ldf 2021/05/27 v5.0q Spanish support from the babel system
\es@quottoks=\toks24
\es@quotdepth=\count273
Package babel Info: Making " an active character on input line 570.
Package babel Info: Making . an active character on input line 675.
Package babel Info: Making < an active character on input line 722.
Package babel Info: Making > an active character on input line 722.
))
(/usr/share/texlive/texmf-dist/tex/latex/graphics/graphicx.sty
Package: graphicx 2021/09/16 v1.2d Enhanced LaTeX Graphics (DPC,SPQR)

(/usr/share/texlive/texmf-dist/tex/latex/graphics/keyval.sty
Package: keyval 2014/10/28 v1.15 key=value parser (DPC)
\KV@toks@=\toks25
)
(/usr/share/texlive/texmf-dist/tex/latex/graphics/graphics.sty
Package: graphics 2021/03/04 v1.4d Standard LaTeX Graphics (DPC,SPQR)

(/usr/share/texlive/texmf-dist/tex/latex/graphics/trig.sty
Package: trig 2021/08/11 v1.11 sin cos tan (DPC)
)
(/usr/share/texlive/texmf-dist/tex/latex/graphics-cfg/graphics.cfg
File: graphics.cfg 2016/06/04 v1.11 sample graphics configuration
)
Package graphics Info: Driver file: pdftex.def on input line 107.

(/usr/share/texlive/texmf-dist/tex/latex/graphics-def/pdftex.def
File: pdftex.def 2020/10/05 v1.2a Graphics/color driver for pdftex
))
\Gin@req@height=\dimen159
\Gin@req@width=\dimen160
)
(/usr/share/texlive/texmf-dist/tex/latex/hyperref/hyperref.sty
Package: hyperref 2021-06-07 v7.00m Hypertext links for LaTeX

(/usr/share/texlive/texmf-dist/tex/generic/kvsetkeys/kvsetkeys.sty
Package: kvsetkeys 2019/12/15 v1.18 Key value parser (HO)
)
(/usr/share/texlive/texmf-dist/tex/generic/kvdefinekeys/kvdefinekeys.sty
Package: kvdefinekeys 2019-12-19 v1.6 Define keys (HO)
)
(/usr/share/texlive/texmf-dist/tex/generic/pdfescape/pdfescape.sty
Package: pdfescape 2019/12/09 v1.15 Implements pdfTeX's escape features (HO)
)
(/usr/share/texlive/texmf-dist/tex/latex/hycolor/hycolor.sty
Package: hycolor 2020-01-27 v1.10 Color options for hyperref/bookmark (HO)
)
(/usr/share/texlive/texmf-dist/tex/latex/letltxmacro/letltxmacro.sty
Package: letltxmacro 2019/12/03 v1.6 Let assignment for LaTeX macros (HO)
)
(/usr/share/texlive/texmf-dist/tex/latex/auxhook/auxhook.sty
Package: auxhook 2019-12-17 v1.6 Hooks for auxiliary files (HO)
)
(/usr/share/texlive/texmf-dist/tex/latex/kvoptions/kvoptions.sty
Package: kvoptions 2020-10-07 v3.14 Key value format for package options (HO)
)
\@linkdim=\dimen161
\Hy@linkcounter=\count274
\Hy@pagecounter=\count275

(/usr/share/texlive/texmf-dist/tex/latex/hyperref/pd1enc.def
File: pd1enc.def 2021-06-07 v7.00m Hyperref: PDFDocEncoding definition (HO)
Now handling font encoding PD1 ...
... no UTF-8 mapping file for font encoding PD1
)
(/usr/share/texlive/texmf-dist/tex/latex/hyperref/hyperref-langpatches.def
File: hyperref-langpatches.def 2021-06-07 v7.00m Hyperref: patches for babel la
nguages
)
(/usr/share/texlive/texmf-dist/tex/generic/intcalc/intcalc.sty
Package: intcalc 2019/12/15 v1.3 Expandable calculations with integers (HO)
)
\Hy@SavedSpaceFactor=\count276

(/usr/share/texlive/texmf-dist/tex/latex/hyperref/puenc.def
File: puenc.def 2021-06-07 v7.00m Hyperref: PDF Unicode definition (HO)
Now handling font encoding PU ...
... no UTF-8 mapping file for font encoding PU
)
Package hyperref Info: Hyper figures OFF on input line 4192.
Package hyperref Info: Link nesting OFF on input line 4197.
Package hyperref Info: Hyper index ON on input line 4200.
Package hyperref Info: Plain pages OFF on input line 4207.
Package hyperref Info: Backreferencing OFF on input line 4212.
Package hyperref Info: Implicit mode ON; LaTeX internals redefined.
Package hyperref Info: Bookmarks ON on input line 4445.
\c@Hy@tempcnt=\count277

(/usr/share/texlive/texmf-dist/tex/latex/url/url.sty
\Urlmuskip=\muskip17
Package: url 2013/09/16  ver 3.4  Verb mode for urls, etc.
)
LaTeX Info: Redefining \url on input line 4804.
\XeTeXLinkMargin=\dimen162

(/usr/share/texlive/texmf-dist/tex/generic/bitset/bitset.sty
Package: bitset 2019/12/09 v1.3 Handle bit-vector datatype (HO)

(/usr/share/texlive/texmf-dist/tex/generic/bigintcalc/bigintcalc.sty
Package: bigintcalc 2019/12/15 v1.5 Expandable calculations on big integers (HO
)
))
\Fld@menulength=\count278
\Field@Width=\dimen163
\Fld@charsize=\dimen164
Package hyperref Info: Hyper figures OFF on input line 6076.
Package hyperref Info: Link nesting OFF on input line 6081.
Package hyperref Info: Hyper index ON on input line 6084.
Package hyperref Info: backreferencing OFF on input line 6091.
Package hyperref Info: Link coloring OFF on input line 6096.
Package hyperref Info: Link coloring with OCG OFF on input line 6101.
Package hyperref Info: PDF/A mode OFF on input line 6106.
LaTeX Info: Redefining \ref on input line 6146.
LaTeX Info: Redefining \pageref on input line 6150.

(/usr/share/texlive/texmf-dist/tex/latex/base/atbegshi-ltx.sty
Package: atbegshi-ltx 2021/01/10 v1.0c Emulation of the original atbegshi
package with kernel methods
)
\Hy@abspage=\count279
\c@Item=\count280
\c@Hfootnote=\count281
)
Package hyperref Info: Driver (autodetected): hpdftex.

(/usr/share/texlive/texmf-dist/tex/latex/hyperref/hpdftex.def
File: hpdftex.def 2021-06-07 v7.00m Hyperref driver for pdfTeX

(/usr/share/texlive/texmf-dist/tex/latex/base/atveryend-ltx.sty
Package: atveryend-ltx 2020/08/19 v1.0a Emulation of the original atveryend pac
kage
with kernel methods
)
\Fld@listcount=\count282
\c@bookmark@seq@number=\count283

(/usr/share/texlive/texmf-dist/tex/latex/rerunfilecheck/rerunfilecheck.sty
Package: rerunfilecheck 2019/12/05 v1.9 Rerun checks for auxiliary files (HO)

(/usr/share/texlive/texmf-dist/tex/generic/uniquecounter/uniquecounter.sty
Package: uniquecounter 2019/12/15 v1.4 Provide unlimited unique counter (HO)
)
Package uniquecounter Info: New unique counter `rerunfilecheck' on input line 2
86.
)
\Hy@SectionHShift=\skip54
)
(/usr/share/texlive/texmf-dist/tex/latex/graphics/color.sty
Package: color 2021/12/07 v1.3c Standard LaTeX Color (DPC)

(/usr/share/texlive/texmf-dist/tex/latex/graphics-cfg/color.cfg
File: color.cfg 2016/01/02 v1.6 sample color configuration
)
Package color Info: Driver file: pdftex.def on input line 149.

(/usr/share/texlive/texmf-dist/tex/latex/graphics/dvipsnam.def
File: dvipsnam.def 2016/06/17 v3.0m Driver-dependent file (DPC,SPQR)
))
(/usr/share/texlive/texmf-dist/tex/latex/tools/verbatim.sty
Package: verbatim 2020-07-07 v1.5u LaTeX2e package for verbatim enhancements
\every@verbatim=\toks26
\verbatim@line=\toks27
\verbatim@in@stream=\read3
)
(/usr/share/texlive/texmf-dist/tex/latex/tools/multicol.sty
Package: multicol 2021/10/28 v1.9b multicolumn formatting (FMi)
\c@tracingmulticols=\count284
\mult@box=\box53
\multicol@leftmargin=\dimen165
\c@unbalance=\count285
\c@collectmore=\count286
\doublecol@number=\count287
\multicoltolerance=\count288
\multicolpretolerance=\count289
\full@width=\dimen166
\page@free=\dimen167
\premulticols=\dimen168
\postmulticols=\dimen169
\multicolsep=\skip55
\multicolbaselineskip=\skip56
\partial@page=\box54
\last@line=\box55
\maxbalancingoverflow=\dimen170
\mult@rightbox=\box56
\mult@grightbox=\box57
\mult@firstbox=\box58
\mult@gfirstbox=\box59
\@tempa=\box60
\@tempa=\box61
\@tempa=\box62
\@tempa=\box63
\@tempa=\box64
\@tempa=\box65
\@tempa=\box66
\@tempa=\box67
\@tempa=\box68
\@tempa=\box69
\@tempa=\box70
\@tempa=\box71
\@tempa=\box72
\@tempa=\box73
\@tempa=\box74
\@tempa=\box75
\@tempa=\box76
\@tempa=\box77
\@tempa=\box78
\@tempa=\box79
\@tempa=\box80
\@tempa=\box81
\@tempa=\box82
\@tempa=\box83
\@tempa=\box84
\@tempa=\box85
\@tempa=\box86
\@tempa=\box87
\@tempa=\box88
\@tempa=\box89
\@tempa=\box90
\@tempa=\box91
\@tempa=\box92
\@tempa=\box93
\@tempa=\box94
\@tempa=\box95
\c@minrows=\count290
\c@columnbadness=\count291
\c@finalcolumnbadness=\count292
\last@try=\dimen171
\multicolovershoot=\dimen172
\multicolundershoot=\dimen173
\mult@nat@firstbox=\box96
\colbreak@box=\box97
\mc@col@check@num=\count293
)
(/usr/share/texlive/texmf-dist/tex/latex/multirow/multirow.sty
Package: multirow 2021/03/15 v2.8 Span multiple rows of a table
\multirow@colwidth=\skip57
\multirow@cntb=\count294
\multirow@dima=\skip58
\bigstrutjot=\dimen174
)
(/usr/share/texlive/texmf-dist/tex/latex/caption/caption.sty
Package: caption 2020/10/26 v3.5g Customizing captions (AR)

(/usr/share/texlive/texmf-dist/tex/latex/caption/caption3.sty
Package: caption3 2020/10/21 v2.2e caption3 kernel (AR)
\captionmargin=\dimen175
\captionmargin@=\dimen176
\captionwidth=\dimen177
\caption@tempdima=\dimen178
\caption@indent=\dimen179
\caption@parindent=\dimen180
\caption@hangindent=\dimen181
Package caption Info: Standard document class detected.
)
\c@caption@flags=\count295
\c@continuedfloat=\count296
Package caption Info: hyperref package is loaded.
)
(/usr/share/texlive/texmf-dist/tex/latex/caption/subcaption.sty
Package: subcaption 2020/10/07 v1.3j Sub-captions (AR)
\c@subfigure=\count297
\c@subtable=\count298
)
(/usr/share/texlive/texmf-dist/tex/latex/tools/array.sty
Package: array 2021/10/04 v2.5f Tabular extension package (FMi)
\col@sep=\dimen182
\ar@mcellbox=\box98
\extrarowheight=\dimen183
\NC@list=\toks28
\extratabsurround=\skip59
\backup@length=\skip60
\ar@cellbox=\box99
)
(/usr/share/texlive/texmf-dist/tex/latex/float/float.sty
Package: float 2001/11/08 v1.3d Float enhancements (AL)
\c@float@type=\count299
\float@exts=\toks29
\float@box=\box100
\@float@everytoks=\toks30
\@floatcapt=\box101
)
(/usr/share/texlive/texmf-dist/tex/latex/natbib/natbib.sty
Package: natbib 2010/09/13 8.31b (PWD, AO)
\bibhang=\skip61
\bibsep=\skip62
LaTeX Info: Redefining \cite on input line 694.
\c@NAT@ctr=\count300
)
(/usr/share/texlive/texmf-dist/tex/latex/listings/listings.sty
\lst@mode=\count301
\lst@gtempboxa=\box102
\lst@token=\toks31
\lst@length=\count302
\lst@currlwidth=\dimen184
\lst@column=\count303
\lst@pos=\count304
\lst@lostspace=\dimen185
\lst@width=\dimen186
\lst@newlines=\count305
\lst@lineno=\count306
\lst@maxwidth=\dimen187

(/usr/share/texlive/texmf-dist/tex/latex/listings/lstmisc.sty
File: lstmisc.sty 2020/03/24 1.8d (Carsten Heinz)
\c@lstnumber=\count307
\lst@skipnumbers=\count308
\lst@framebox=\box103
)
(/usr/share/texlive/texmf-dist/tex/latex/listings/listings.cfg
File: listings.cfg 2020/03/24 1.8d listings configuration
))
Package: listings 2020/03/24 1.8d (Carsten Heinz)
Package hyperref Info: Option `colorlinks' set `true' on input line 41.

(/usr/share/texlive/texmf-dist/tex/latex/tools/enumerate.sty
Package: enumerate 2015/07/23 v3.00 enumerate extensions (DPC)
\@enLab=\toks32
)
(/usr/share/texlive/texmf-dist/tex/latex/fancyhdr/fancyhdr.sty
Package: fancyhdr 2021/01/28 v4.0.1 Extensive control of page headers and foote
rs
\f@nch@headwidth=\skip63
\f@nch@O@elh=\skip64
\f@nch@O@erh=\skip65
\f@nch@O@olh=\skip66
\f@nch@O@orh=\skip67
\f@nch@O@elf=\skip68
\f@nch@O@erf=\skip69
\f@nch@O@olf=\skip70
\f@nch@O@orf=\skip71
)
(/usr/share/texlive/texmf-dist/tex/latex/listings/lstlang1.sty
File: lstlang1.sty 2020/03/24 1.8d listings language file
)
(/usr/share/texlive/texmf-dist/tex/latex/l3backend/l3backend-pdftex.def
File: l3backend-pdftex.def 2022-01-12 L3 backend support: PDF output (pdfTeX)
\l__color_backend_stack_int=\count309
\l__pdf_internal_box=\box104
)
No file main.aux.
\openout1 = `main.aux'.

LaTeX Font Info:    Checking defaults for OML/cmm/m/it on input line 114.
LaTeX Font Info:    ... okay on input line 114.
LaTeX Font Info:    Checking defaults for OMS/cmsy/m/n on input line 114.
LaTeX Font Info:    ... okay on input line 114.
LaTeX Font Info:    Checking defaults for OT1/cmr/m/n on input line 114.
LaTeX Font Info:    ... okay on input line 114.
LaTeX Font Info:    Checking defaults for T1/cmr/m/n on input line 114.
LaTeX Font Info:    ... okay on input line 114.
LaTeX Font Info:    Checking defaults for TS1/cmr/m/n on input line 114.
LaTeX Font Info:    ... okay on input line 114.
LaTeX Font Info:    Checking defaults for OMX/cmex/m/n on input line 114.
LaTeX Font Info:    ... okay on input line 114.
LaTeX Font Info:    Checking defaults for U/cmr/m/n on input line 114.
LaTeX Font Info:    ... okay on input line 114.
LaTeX Font Info:    Checking defaults for PD1/pdf/m/n on input line 114.
LaTeX Font Info:    ... okay on input line 114.
LaTeX Font Info:    Checking defaults for PU/pdf/m/n on input line 114.
LaTeX Font Info:    ... okay on input line 114.
\symgns@font=\mathgroup4
LaTeX Font Info:    Overwriting symbol font `gns@font' in version `bold'
(Font)                  TS1/cmr/m/n --> TS1/cmr/b/n on input line 114.
Package gensymb Info: Math companion symbols declared on input line 114.
LaTeX Info: Redefining \degree on input line 114.
LaTeX Info: Redefining \celsius on input line 114.
Package gensymb Info: Using text companion symbols for \degree, \celsius and \p
erthousand on input line 114.
LaTeX Info: Redefining \ohm on input line 114.
Package gensymb Info: Using \textohm for \ohm on input line 114.
Package gensymb Info: Using \textmu for \micro on input line 114.
LaTeX Info: Redefining \. on input line 114.
LaTeX Info: Redefining \% on input line 114.
(/usr/share/texlive/texmf-dist/tex/context/base/mkii/supp-pdf.mkii
[Loading MPS to PDF converter (version 2006.09.02).]
\scratchcounter=\count310
\scratchdimen=\dimen188
\scratchbox=\box105
\nofMPsegments=\count311
\nofMParguments=\count312
\everyMPshowfont=\toks33
\MPscratchCnt=\count313
\MPscratchDim=\dimen189
\MPnumerator=\count314
\makeMPintoPDFobject=\count315
\everyMPtoPDFconversion=\toks34
) (/usr/share/texlive/texmf-dist/tex/latex/epstopdf-pkg/epstopdf-base.sty
Package: epstopdf-base 2020-01-24 v2.11 Base part for package epstopdf
Package epstopdf-base Info: Redefining graphics rule for `.eps' on input line 4
85.

(/usr/share/texlive/texmf-dist/tex/latex/latexconfig/epstopdf-sys.cfg
File: epstopdf-sys.cfg 2010/07/13 v1.3 Configuration of (r)epstopdf for TeX Liv
e
))
Package hyperref Info: Link coloring ON on input line 114.

(/usr/share/texlive/texmf-dist/tex/latex/hyperref/nameref.sty
Package: nameref 2021-04-02 v2.47 Cross-referencing by name of section

(/usr/share/texlive/texmf-dist/tex/latex/refcount/refcount.sty
Package: refcount 2019/12/15 v3.6 Data extraction from label references (HO)
)
(/usr/share/texlive/texmf-dist/tex/generic/gettitlestring/gettitlestring.sty
Package: gettitlestring 2019/12/15 v1.6 Cleanup title references (HO)
)
\c@section@level=\count316
)
LaTeX Info: Redefining \ref on input line 114.
LaTeX Info: Redefining \pageref on input line 114.
LaTeX Info: Redefining \nameref on input line 114.
\@outlinefile=\write3
\openout3 = `main.out'.

Package caption Info: Begin \AtBeginDocument code.
Package caption Info: float package is loaded.
Package caption Info: listings package is loaded.
Package caption Info: End \AtBeginDocument code.
\c@lstlisting=\count317
<images/ucsm.png, id=4, 513.92pt x 513.92pt>
File: images/ucsm.png Graphic file (type png)
<use images/ucsm.png>
Package pdftex.def Info: images/ucsm.png  used on input line 121.
(pdftex.def)             Requested size: 256.95937pt x 256.95937pt.

[1

{/var/lib/texmf/fonts/map/pdftex/updmap/pdftex.map

pdfTeX warning: pdflatex (file /var/lib/texmf/fonts/map/pdftex/updmap/pdftex.ma
p): invalid entry for `PTMono-BoldSlanted-tlf-il2': SlantFont/ExtendFont can be
 used only with embedded Type1 fonts


pdfTeX warning: pdflatex (file /var/lib/texmf/fonts/map/pdftex/updmap/pdftex.ma
p): invalid entry for `PTMono-BoldSlanted-tlf-ot1': SlantFont/ExtendFont can be
 used only with embedded Type1 fonts


pdfTeX warning: pdflatex (file /var/lib/texmf/fonts/map/pdftex/updmap/pdftex.ma
p): invalid entry for `PTMono-BoldSlanted-tlf-ot2': SlantFont/ExtendFont can be
 used only with embedded Type1 fonts


pdfTeX warning: pdflatex (file /var/lib/texmf/fonts/map/pdftex/updmap/pdftex.ma
p): invalid entry for `PTMono-BoldSlanted-tlf-t1--base': SlantFont/ExtendFont c
an be used only with embedded Type1 fonts


pdfTeX warning: pdflatex (file /var/lib/texmf/fonts/map/pdftex/updmap/pdftex.ma
p): invalid entry for `PTMono-BoldSlanted-tlf-t2a--base': SlantFont/ExtendFont 
can be used only with embedded Type1 fonts


pdfTeX warning: pdflatex (file /var/lib/texmf/fonts/map/pdftex/updmap/pdftex.ma
p): invalid entry for `PTMono-BoldSlanted-tlf-t2b--base': SlantFont/ExtendFont 
can be used only with embedded Type1 fonts


pdfTeX warning: pdflatex (file /var/lib/texmf/fonts/map/pdftex/updmap/pdftex.ma
p): invalid entry for `PTMono-BoldSlanted-tlf-t2c--base': SlantFont/ExtendFont 
can be used only with embedded Type1 fonts


pdfTeX warning: pdflatex (file /var/lib/texmf/fonts/map/pdftex/updmap/pdftex.ma
p): invalid entry for `PTMono-BoldSlanted-tlf-ts1--base': SlantFont/ExtendFont 
can be used only with embedded Type1 fonts


pdfTeX warning: pdflatex (file /var/lib/texmf/fonts/map/pdftex/updmap/pdftex.ma
p): invalid entry for `PTMono-BoldSlanted-tlf-x2--base': SlantFont/ExtendFont c
an be used only with embedded Type1 fonts


pdfTeX warning: pdflatex (file /var/lib/texmf/fonts/map/pdftex/updmap/pdftex.ma
p): invalid entry for `PTMono-Slanted-tlf-il2': SlantFont/ExtendFont can be use
d only with embedded Type1 fonts


pdfTeX warning: pdflatex (file /var/lib/texmf/fonts/map/pdftex/updmap/pdftex.ma
p): invalid entry for `PTMono-Slanted-tlf-ot1': SlantFont/ExtendFont can be use
d only with embedded Type1 fonts


pdfTeX warning: pdflatex (file /var/lib/texmf/fonts/map/pdftex/updmap/pdftex.ma
p): invalid entry for `PTMono-Slanted-tlf-ot2': SlantFont/ExtendFont can be use
d only with embedded Type1 fonts


pdfTeX warning: pdflatex (file /var/lib/texmf/fonts/map/pdftex/updmap/pdftex.ma
p): invalid entry for `PTMono-Slanted-tlf-t1--base': SlantFont/ExtendFont can b
e used only with embedded Type1 fonts


pdfTeX warning: pdflatex (file /var/lib/texmf/fonts/map/pdftex/updmap/pdftex.ma
p): invalid entry for `PTMono-Slanted-tlf-t2a--base': SlantFont/ExtendFont can 
be used only with embedded Type1 fonts


pdfTeX warning: pdflatex (file /var/lib/texmf/fonts/map/pdftex/updmap/pdftex.ma
p): invalid entry for `PTMono-Slanted-tlf-t2b--base': SlantFont/ExtendFont can 
be used only with embedded Type1 fonts


pdfTeX warning: pdflatex (file /var/lib/texmf/fonts/map/pdftex/updmap/pdftex.ma
p): invalid entry for `PTMono-Slanted-tlf-t2c--base': SlantFont/ExtendFont can 
be used only with embedded Type1 fonts


pdfTeX warning: pdflatex (file /var/lib/texmf/fonts/map/pdftex/updmap/pdftex.ma
p): invalid entry for `PTMono-Slanted-tlf-ts1--base': SlantFont/ExtendFont can 
be used only with embedded Type1 fonts


pdfTeX warning: pdflatex (file /var/lib/texmf/fonts/map/pdftex/updmap/pdftex.ma
p): invalid entry for `PTMono-Slanted-tlf-x2--base': SlantFont/ExtendFont can b
e used only with embedded Type1 fonts


pdfTeX warning: pdflatex (file /var/lib/texmf/fonts/map/pdftex/updmap/pdftex.ma
p): invalid entry for `PTSans-CaptionBoldSlanted-tlf-il2': SlantFont/ExtendFont
 can be used only with embedded Type1 fonts


pdfTeX warning: pdflatex (file /var/lib/texmf/fonts/map/pdftex/updmap/pdftex.ma
p): invalid entry for `PTSans-CaptionBoldSlanted-tlf-ot1': SlantFont/ExtendFont
 can be used only with embedded Type1 fonts


pdfTeX warning: pdflatex (file /var/lib/texmf/fonts/map/pdftex/updmap/pdftex.ma
p): invalid entry for `PTSans-CaptionBoldSlanted-tlf-ot2': SlantFont/ExtendFont
 can be used only with embedded Type1 fonts


pdfTeX warning: pdflatex (file /var/lib/texmf/fonts/map/pdftex/updmap/pdftex.ma
p): invalid entry for `PTSans-CaptionBoldSlanted-tlf-t1--base': SlantFont/Exten
dFont can be used only with embedded Type1 fonts


pdfTeX warning: pdflatex (file /var/lib/texmf/fonts/map/pdftex/updmap/pdftex.ma
p): invalid entry for `PTSans-CaptionBoldSlanted-tlf-t2a--base': SlantFont/Exte
ndFont can be used only with embedded Type1 fonts


pdfTeX warning: pdflatex (file /var/lib/texmf/fonts/map/pdftex/updmap/pdftex.ma
p): invalid entry for `PTSans-CaptionBoldSlanted-tlf-t2b--base': SlantFont/Exte
ndFont can be used only with embedded Type1 fonts


pdfTeX warning: pdflatex (file /var/lib/texmf/fonts/map/pdftex/updmap/pdftex.ma
p): invalid entry for `PTSans-CaptionBoldSlanted-tlf-t2c--base': SlantFont/Exte
ndFont can be used only with embedded Type1 fonts


pdfTeX warning: pdflatex (file /var/lib/texmf/fonts/map/pdftex/updmap/pdftex.ma
p): invalid entry for `PTSans-CaptionBoldSlanted-tlf-ts1--base': SlantFont/Exte
ndFont can be used only with embedded Type1 fonts


pdfTeX warning: pdflatex (file /var/lib/texmf/fonts/map/pdftex/updmap/pdftex.ma
p): invalid entry for `PTSans-CaptionBoldSlanted-tlf-x2--base': SlantFont/Exten
dFont can be used only with embedded Type1 fonts


pdfTeX warning: pdflatex (file /var/lib/texmf/fonts/map/pdftex/updmap/pdftex.ma
p): invalid entry for `PTSans-CaptionSlanted-tlf-il2': SlantFont/ExtendFont can
 be used only with embedded Type1 fonts


pdfTeX warning: pdflatex (file /var/lib/texmf/fonts/map/pdftex/updmap/pdftex.ma
p): invalid entry for `PTSans-CaptionSlanted-tlf-ot1': SlantFont/ExtendFont can
 be used only with embedded Type1 fonts


pdfTeX warning: pdflatex (file /var/lib/texmf/fonts/map/pdftex/updmap/pdftex.ma
p): invalid entry for `PTSans-CaptionSlanted-tlf-ot2': SlantFont/ExtendFont can
 be used only with embedded Type1 fonts


pdfTeX warning: pdflatex (file /var/lib/texmf/fonts/map/pdftex/updmap/pdftex.ma
p): invalid entry for `PTSans-CaptionSlanted-tlf-t1--base': SlantFont/ExtendFon
t can be used only with embedded Type1 fonts


pdfTeX warning: pdflatex (file /var/lib/texmf/fonts/map/pdftex/updmap/pdftex.ma
p): invalid entry for `PTSans-CaptionSlanted-tlf-t2a--base': SlantFont/ExtendFo
nt can be used only with embedded Type1 fonts


pdfTeX warning: pdflatex (file /var/lib/texmf/fonts/map/pdftex/updmap/pdftex.ma
p): invalid entry for `PTSans-CaptionSlanted-tlf-t2b--base': SlantFont/ExtendFo
nt can be used only with embedded Type1 fonts


pdfTeX warning: pdflatex (file /var/lib/texmf/fonts/map/pdftex/updmap/pdftex.ma
p): invalid entry for `PTSans-CaptionSlanted-tlf-t2c--base': SlantFont/ExtendFo
nt can be used only with embedded Type1 fonts


pdfTeX warning: pdflatex (file /var/lib/texmf/fonts/map/pdftex/updmap/pdftex.ma
p): invalid entry for `PTSans-CaptionSlanted-tlf-ts1--base': SlantFont/ExtendFo
nt can be used only with embedded Type1 fonts


pdfTeX warning: pdflatex (file /var/lib/texmf/fonts/map/pdftex/updmap/pdftex.ma
p): invalid entry for `PTSans-CaptionSlanted-tlf-x2--base': SlantFont/ExtendFon
t can be used only with embedded Type1 fonts


pdfTeX warning: pdflatex (file /var/lib/texmf/fonts/map/pdftex/updmap/pdftex.ma
p): invalid entry for `PTSans-NarrowBoldSlanted-tlf-il2': SlantFont/ExtendFont 
can be used only with embedded Type1 fonts


pdfTeX warning: pdflatex (file /var/lib/texmf/fonts/map/pdftex/updmap/pdftex.ma
p): invalid entry for `PTSans-NarrowBoldSlanted-tlf-ot1': SlantFont/ExtendFont 
can be used only with embedded Type1 fonts


pdfTeX warning: pdflatex (file /var/lib/texmf/fonts/map/pdftex/updmap/pdftex.ma
p): invalid entry for `PTSans-NarrowBoldSlanted-tlf-ot2': SlantFont/ExtendFont 
can be used only with embedded Type1 fonts


pdfTeX warning: pdflatex (file /var/lib/texmf/fonts/map/pdftex/updmap/pdftex.ma
p): invalid entry for `PTSans-NarrowBoldSlanted-tlf-t1--base': SlantFont/Extend
Font can be used only with embedded Type1 fonts


pdfTeX warning: pdflatex (file /var/lib/texmf/fonts/map/pdftex/updmap/pdftex.ma
p): invalid entry for `PTSans-NarrowBoldSlanted-tlf-t2a--base': SlantFont/Exten
dFont can be used only with embedded Type1 fonts


pdfTeX warning: pdflatex (file /var/lib/texmf/fonts/map/pdftex/updmap/pdftex.ma
p): invalid entry for `PTSans-NarrowBoldSlanted-tlf-t2b--base': SlantFont/Exten
dFont can be used only with embedded Type1 fonts


pdfTeX warning: pdflatex (file /var/lib/texmf/fonts/map/pdftex/updmap/pdftex.ma
p): invalid entry for `PTSans-NarrowBoldSlanted-tlf-t2c--base': SlantFont/Exten
dFont can be used only with embedded Type1 fonts


pdfTeX warning: pdflatex (file /var/lib/texmf/fonts/map/pdftex/updmap/pdftex.ma
p): invalid entry for `PTSans-NarrowBoldSlanted-tlf-ts1--base': SlantFont/Exten
dFont can be used only with embedded Type1 fonts


pdfTeX warning: pdflatex (file /var/lib/texmf/fonts/map/pdftex/updmap/pdftex.ma
p): invalid entry for `PTSans-NarrowBoldSlanted-tlf-x2--base': SlantFont/Extend
Font can be used only with embedded Type1 fonts


pdfTeX warning: pdflatex (file /var/lib/texmf/fonts/map/pdftex/updmap/pdftex.ma
p): invalid entry for `PTSans-NarrowSlanted-tlf-il2': SlantFont/ExtendFont can 
be used only with embedded Type1 fonts


pdfTeX warning: pdflatex (file /var/lib/texmf/fonts/map/pdftex/updmap/pdftex.ma
p): invalid entry for `PTSans-NarrowSlanted-tlf-ot1': SlantFont/ExtendFont can 
be used only with embedded Type1 fonts


pdfTeX warning: pdflatex (file /var/lib/texmf/fonts/map/pdftex/updmap/pdftex.ma
p): invalid entry for `PTSans-NarrowSlanted-tlf-ot2': SlantFont/ExtendFont can 
be used only with embedded Type1 fonts


pdfTeX warning: pdflatex (file /var/lib/texmf/fonts/map/pdftex/updmap/pdftex.ma
p): invalid entry for `PTSans-NarrowSlanted-tlf-t1--base': SlantFont/ExtendFont
 can be used only with embedded Type1 fonts


pdfTeX warning: pdflatex (file /var/lib/texmf/fonts/map/pdftex/updmap/pdftex.ma
p): invalid entry for `PTSans-NarrowSlanted-tlf-t2a--base': SlantFont/ExtendFon
t can be used only with embedded Type1 fonts


pdfTeX warning: pdflatex (file /var/lib/texmf/fonts/map/pdftex/updmap/pdftex.ma
p): invalid entry for `PTSans-NarrowSlanted-tlf-t2b--base': SlantFont/ExtendFon
t can be used only with embedded Type1 fonts


pdfTeX warning: pdflatex (file /var/lib/texmf/fonts/map/pdftex/updmap/pdftex.ma
p): invalid entry for `PTSans-NarrowSlanted-tlf-t2c--base': SlantFont/ExtendFon
t can be used only with embedded Type1 fonts


pdfTeX warning: pdflatex (file /var/lib/texmf/fonts/map/pdftex/updmap/pdftex.ma
p): invalid entry for `PTSans-NarrowSlanted-tlf-ts1--base': SlantFont/ExtendFon
t can be used only with embedded Type1 fonts


pdfTeX warning: pdflatex (file /var/lib/texmf/fonts/map/pdftex/updmap/pdftex.ma
p): invalid entry for `PTSans-NarrowSlanted-tlf-x2--base': SlantFont/ExtendFont
 can be used only with embedded Type1 fonts


pdfTeX warning: pdflatex (file /var/lib/texmf/fonts/map/pdftex/updmap/pdftex.ma
p): invalid entry for `PTSerif-BoldSlanted-tlf-il2': SlantFont/ExtendFont can b
e used only with embedded Type1 fonts


pdfTeX warning: pdflatex (file /var/lib/texmf/fonts/map/pdftex/updmap/pdftex.ma
p): invalid entry for `PTSerif-BoldSlanted-tlf-ot1': SlantFont/ExtendFont can b
e used only with embedded Type1 fonts


pdfTeX warning: pdflatex (file /var/lib/texmf/fonts/map/pdftex/updmap/pdftex.ma
p): invalid entry for `PTSerif-BoldSlanted-tlf-ot2': SlantFont/ExtendFont can b
e used only with embedded Type1 fonts


pdfTeX warning: pdflatex (file /var/lib/texmf/fonts/map/pdftex/updmap/pdftex.ma
p): invalid entry for `PTSerif-BoldSlanted-tlf-t1--base': SlantFont/ExtendFont 
can be used only with embedded Type1 fonts


pdfTeX warning: pdflatex (file /var/lib/texmf/fonts/map/pdftex/updmap/pdftex.ma
p): invalid entry for `PTSerif-BoldSlanted-tlf-t2a--base': SlantFont/ExtendFont
 can be used only with embedded Type1 fonts


pdfTeX warning: pdflatex (file /var/lib/texmf/fonts/map/pdftex/updmap/pdftex.ma
p): invalid entry for `PTSerif-BoldSlanted-tlf-t2b--base': SlantFont/ExtendFont
 can be used only with embedded Type1 fonts


pdfTeX warning: pdflatex (file /var/lib/texmf/fonts/map/pdftex/updmap/pdftex.ma
p): invalid entry for `PTSerif-BoldSlanted-tlf-t2c--base': SlantFont/ExtendFont
 can be used only with embedded Type1 fonts


pdfTeX warning: pdflatex (file /var/lib/texmf/fonts/map/pdftex/updmap/pdftex.ma
p): invalid entry for `PTSerif-BoldSlanted-tlf-ts1--base': SlantFont/ExtendFont
 can be used only with embedded Type1 fonts


pdfTeX warning: pdflatex (file /var/lib/texmf/fonts/map/pdftex/updmap/pdftex.ma
p): invalid entry for `PTSerif-BoldSlanted-tlf-x2--base': SlantFont/ExtendFont 
can be used only with embedded Type1 fonts


pdfTeX warning: pdflatex (file /var/lib/texmf/fonts/map/pdftex/updmap/pdftex.ma
p): invalid entry for `PTSerif-BoldUprightItalic-tlf-il2': SlantFont/ExtendFont
 can be used only with embedded Type1 fonts


pdfTeX warning: pdflatex (file /var/lib/texmf/fonts/map/pdftex/updmap/pdftex.ma
p): invalid entry for `PTSerif-BoldUprightItalic-tlf-ot1': SlantFont/ExtendFont
 can be used only with embedded Type1 fonts


pdfTeX warning: pdflatex (file /var/lib/texmf/fonts/map/pdftex/updmap/pdftex.ma
p): invalid entry for `PTSerif-BoldUprightItalic-tlf-t1--base': SlantFont/Exten
dFont can be used only with embedded Type1 fonts


pdfTeX warning: pdflatex (file /var/lib/texmf/fonts/map/pdftex/updmap/pdftex.ma
p): invalid entry for `PTSerif-BoldUprightItalic-tlf-t2a--base': SlantFont/Exte
ndFont can be used only with embedded Type1 fonts


pdfTeX warning: pdflatex (file /var/lib/texmf/fonts/map/pdftex/updmap/pdftex.ma
p): invalid entry for `PTSerif-BoldUprightItalic-tlf-t2b--base': SlantFont/Exte
ndFont can be used only with embedded Type1 fonts


pdfTeX warning: pdflatex (file /var/lib/texmf/fonts/map/pdftex/updmap/pdftex.ma
p): invalid entry for `PTSerif-BoldUprightItalic-tlf-t2c--base': SlantFont/Exte
ndFont can be used only with embedded Type1 fonts


pdfTeX warning: pdflatex (file /var/lib/texmf/fonts/map/pdftex/updmap/pdftex.ma
p): invalid entry for `PTSerif-BoldUprightItalic-tlf-ts1--base': SlantFont/Exte
ndFont can be used only with embedded Type1 fonts


pdfTeX warning: pdflatex (file /var/lib/texmf/fonts/map/pdftex/updmap/pdftex.ma
p): invalid entry for `PTSerif-BoldUprightItalic-tlf-x2--base': SlantFont/Exten
dFont can be used only with embedded Type1 fonts


pdfTeX warning: pdflatex (file /var/lib/texmf/fonts/map/pdftex/updmap/pdftex.ma
p): invalid entry for `PTSerif-CaptionSlanted-tlf-il2': SlantFont/ExtendFont ca
n be used only with embedded Type1 fonts


pdfTeX warning: pdflatex (file /var/lib/texmf/fonts/map/pdftex/updmap/pdftex.ma
p): invalid entry for `PTSerif-CaptionSlanted-tlf-ot1': SlantFont/ExtendFont ca
n be used only with embedded Type1 fonts


pdfTeX warning: pdflatex (file /var/lib/texmf/fonts/map/pdftex/updmap/pdftex.ma
p): invalid entry for `PTSerif-CaptionSlanted-tlf-ot2': SlantFont/ExtendFont ca
n be used only with embedded Type1 fonts


pdfTeX warning: pdflatex (file /var/lib/texmf/fonts/map/pdftex/updmap/pdftex.ma
p): invalid entry for `PTSerif-CaptionSlanted-tlf-t1--base': SlantFont/ExtendFo
nt can be used only with embedded Type1 fonts


pdfTeX warning: pdflatex (file /var/lib/texmf/fonts/map/pdftex/updmap/pdftex.ma
p): invalid entry for `PTSerif-CaptionSlanted-tlf-t2a--base': SlantFont/ExtendF
ont can be used only with embedded Type1 fonts


pdfTeX warning: pdflatex (file /var/lib/texmf/fonts/map/pdftex/updmap/pdftex.ma
p): invalid entry for `PTSerif-CaptionSlanted-tlf-t2b--base': SlantFont/ExtendF
ont can be used only with embedded Type1 fonts


pdfTeX warning: pdflatex (file /var/lib/texmf/fonts/map/pdftex/updmap/pdftex.ma
p): invalid entry for `PTSerif-CaptionSlanted-tlf-t2c--base': SlantFont/ExtendF
ont can be used only with embedded Type1 fonts


pdfTeX warning: pdflatex (file /var/lib/texmf/fonts/map/pdftex/updmap/pdftex.ma
p): invalid entry for `PTSerif-CaptionSlanted-tlf-ts1--base': SlantFont/ExtendF
ont can be used only with embedded Type1 fonts


pdfTeX warning: pdflatex (file /var/lib/texmf/fonts/map/pdftex/updmap/pdftex.ma
p): invalid entry for `PTSerif-CaptionSlanted-tlf-x2--base': SlantFont/ExtendFo
nt can be used only with embedded Type1 fonts


pdfTeX warning: pdflatex (file /var/lib/texmf/fonts/map/pdftex/updmap/pdftex.ma
p): invalid entry for `PTSerif-CaptionUprightItalic-tlf-il2': SlantFont/ExtendF
ont can be used only with embedded Type1 fonts


pdfTeX warning: pdflatex (file /var/lib/texmf/fonts/map/pdftex/updmap/pdftex.ma
p): invalid entry for `PTSerif-CaptionUprightItalic-tlf-ot1': SlantFont/ExtendF
ont can be used only with embedded Type1 fonts


pdfTeX warning: pdflatex (file /var/lib/texmf/fonts/map/pdftex/updmap/pdftex.ma
p): invalid entry for `PTSerif-CaptionUprightItalic-tlf-t1--base': SlantFont/Ex
tendFont can be used only with embedded Type1 fonts


pdfTeX warning: pdflatex (file /var/lib/texmf/fonts/map/pdftex/updmap/pdftex.ma
p): invalid entry for `PTSerif-CaptionUprightItalic-tlf-t2a--base': SlantFont/E
xtendFont can be used only with embedded Type1 fonts


pdfTeX warning: pdflatex (file /var/lib/texmf/fonts/map/pdftex/updmap/pdftex.ma
p): invalid entry for `PTSerif-CaptionUprightItalic-tlf-t2b--base': SlantFont/E
xtendFont can be used only with embedded Type1 fonts


pdfTeX warning: pdflatex (file /var/lib/texmf/fonts/map/pdftex/updmap/pdftex.ma
p): invalid entry for `PTSerif-CaptionUprightItalic-tlf-t2c--base': SlantFont/E
xtendFont can be used only with embedded Type1 fonts


pdfTeX warning: pdflatex (file /var/lib/texmf/fonts/map/pdftex/updmap/pdftex.ma
p): invalid entry for `PTSerif-CaptionUprightItalic-tlf-ts1--base': SlantFont/E
xtendFont can be used only with embedded Type1 fonts


pdfTeX warning: pdflatex (file /var/lib/texmf/fonts/map/pdftex/updmap/pdftex.ma
p): invalid entry for `PTSerif-CaptionUprightItalic-tlf-x2--base': SlantFont/Ex
tendFont can be used only with embedded Type1 fonts


pdfTeX warning: pdflatex (file /var/lib/texmf/fonts/map/pdftex/updmap/pdftex.ma
p): invalid entry for `PTSerif-Slanted-tlf-il2': SlantFont/ExtendFont can be us
ed only with embedded Type1 fonts


pdfTeX warning: pdflatex (file /var/lib/texmf/fonts/map/pdftex/updmap/pdftex.ma
p): invalid entry for `PTSerif-Slanted-tlf-ot1': SlantFont/ExtendFont can be us
ed only with embedded Type1 fonts


pdfTeX warning: pdflatex (file /var/lib/texmf/fonts/map/pdftex/updmap/pdftex.ma
p): invalid entry for `PTSerif-Slanted-tlf-ot2': SlantFont/ExtendFont can be us
ed only with embedded Type1 fonts


pdfTeX warning: pdflatex (file /var/lib/texmf/fonts/map/pdftex/updmap/pdftex.ma
p): invalid entry for `PTSerif-Slanted-tlf-t1--base': SlantFont/ExtendFont can 
be used only with embedded Type1 fonts


pdfTeX warning: pdflatex (file /var/lib/texmf/fonts/map/pdftex/updmap/pdftex.ma
p): invalid entry for `PTSerif-Slanted-tlf-t2a--base': SlantFont/ExtendFont can
 be used only with embedded Type1 fonts


pdfTeX warning: pdflatex (file /var/lib/texmf/fonts/map/pdftex/updmap/pdftex.ma
p): invalid entry for `PTSerif-Slanted-tlf-t2b--base': SlantFont/ExtendFont can
 be used only with embedded Type1 fonts


pdfTeX warning: pdflatex (file /var/lib/texmf/fonts/map/pdftex/updmap/pdftex.ma
p): invalid entry for `PTSerif-Slanted-tlf-t2c--base': SlantFont/ExtendFont can
 be used only with embedded Type1 fonts


pdfTeX warning: pdflatex (file /var/lib/texmf/fonts/map/pdftex/updmap/pdftex.ma
p): invalid entry for `PTSerif-Slanted-tlf-ts1--base': SlantFont/ExtendFont can
 be used only with embedded Type1 fonts


pdfTeX warning: pdflatex (file /var/lib/texmf/fonts/map/pdftex/updmap/pdftex.ma
p): invalid entry for `PTSerif-Slanted-tlf-x2--base': SlantFont/ExtendFont can 
be used only with embedded Type1 fonts


pdfTeX warning: pdflatex (file /var/lib/texmf/fonts/map/pdftex/updmap/pdftex.ma
p): invalid entry for `PTSerif-UprightItalic-tlf-il2': SlantFont/ExtendFont can
 be used only with embedded Type1 fonts


pdfTeX warning: pdflatex (file /var/lib/texmf/fonts/map/pdftex/updmap/pdftex.ma
p): invalid entry for `PTSerif-UprightItalic-tlf-ot1': SlantFont/ExtendFont can
 be used only with embedded Type1 fonts


pdfTeX warning: pdflatex (file /var/lib/texmf/fonts/map/pdftex/updmap/pdftex.ma
p): invalid entry for `PTSerif-UprightItalic-tlf-t1--base': SlantFont/ExtendFon
t can be used only with embedded Type1 fonts


pdfTeX warning: pdflatex (file /var/lib/texmf/fonts/map/pdftex/updmap/pdftex.ma
p): invalid entry for `PTSerif-UprightItalic-tlf-t2a--base': SlantFont/ExtendFo
nt can be used only with embedded Type1 fonts


pdfTeX warning: pdflatex (file /var/lib/texmf/fonts/map/pdftex/updmap/pdftex.ma
p): invalid entry for `PTSerif-UprightItalic-tlf-t2b--base': SlantFont/ExtendFo
nt can be used only with embedded Type1 fonts


pdfTeX warning: pdflatex (file /var/lib/texmf/fonts/map/pdftex/updmap/pdftex.ma
p): invalid entry for `PTSerif-UprightItalic-tlf-t2c--base': SlantFont/ExtendFo
nt can be used only with embedded Type1 fonts


pdfTeX warning: pdflatex (file /var/lib/texmf/fonts/map/pdftex/updmap/pdftex.ma
p): invalid entry for `PTSerif-UprightItalic-tlf-ts1--base': SlantFont/ExtendFo
nt can be used only with embedded Type1 fonts


pdfTeX warning: pdflatex (file /var/lib/texmf/fonts/map/pdftex/updmap/pdftex.ma
p): invalid entry for `PTSerif-UprightItalic-tlf-x2--base': SlantFont/ExtendFon
t can be used only with embedded Type1 fonts
} <./images/ucsm.png>]
\tf@toc=\write4
\openout4 = `main.toc'.

\tf@lof=\write5
\openout5 = `main.lof'.

<images/EPIE.jpeg, id=16, 16260.75pt x 16260.75pt>
File: images/EPIE.jpeg Graphic file (type jpg)
<use images/EPIE.jpeg>
Package pdftex.def Info: images/EPIE.jpeg  used on input line 149.
(pdftex.def)             Requested size: 35.56593pt x 35.48097pt.
File: images/ucsm.png Graphic file (type png)
<use images/ucsm.png>
Package pdftex.def Info: images/ucsm.png  used on input line 149.
(pdftex.def)             Requested size: 28.45274pt x 28.44997pt.


Package fancyhdr Warning: \headheight is too small (12.0pt): 
(fancyhdr)                Make it at least 39.561pt, for example:
(fancyhdr)                \setlength{\headheight}{39.561pt}.
(fancyhdr)                You might also make \topmargin smaller to compensate:

(fancyhdr)                \addtolength{\topmargin}{-27.561pt}.

pdfTeX warning (ext4): destination with the same identifier (name{page.1}) has 
been already used, duplicate ignored
<to be read again> 
                   \relax 
l.149 \newpage
               [1 <./images/EPIE.jpeg>]

Package natbib Warning: Citation `ant' on page 2 undefined on input line 163.


Package natbib Warning: Citation `moron' on page 2 undefined on input line 163.



Underfull \hbox (badness 10000) in paragraph at lines 163--164

 []


Package natbib Warning: Citation `Gallardo' on page 2 undefined on input line 1
65.


Underfull \hbox (badness 10000) in paragraph at lines 165--166

 []


Package natbib Warning: Citation `Miron' on page 2 undefined on input line 167.



Underfull \hbox (badness 10000) in paragraph at lines 167--168

 []

<images/Interfaz/main.png, id=23, 388.45125pt x 571.13374pt>
File: images/Interfaz/main.png Graphic file (type png)
<use images/Interfaz/main.png>
Package pdftex.def Info: images/Interfaz/main.png  used on input line 185.
(pdftex.def)             Requested size: 135.95996pt x 199.8998pt.
File: images/EPIE.jpeg Graphic file (type jpg)
<use images/EPIE.jpeg>
Package pdftex.def Info: images/EPIE.jpeg  used on input line 189.
(pdftex.def)             Requested size: 35.56593pt x 35.48097pt.
File: images/ucsm.png Graphic file (type png)
<use images/ucsm.png>
Package pdftex.def Info: images/ucsm.png  used on input line 189.
(pdftex.def)             Requested size: 28.45274pt x 28.44997pt.

Package fancyhdr Warning: \headheight is too small (12.0pt): 
(fancyhdr)                Make it at least 39.561pt, for example:
(fancyhdr)                \setlength{\headheight}{39.561pt}.
(fancyhdr)                You might also make \topmargin smaller to compensate:

(fancyhdr)                \addtolength{\topmargin}{-27.561pt}.

[2]

Package natbib Warning: Citation `ant' on page 3 undefined on input line 192.

<images/Interfaz/geometry.png, id=34, 409.53pt x 454.69875pt>
File: images/Interfaz/geometry.png Graphic file (type png)
<use images/Interfaz/geometry.png>
Package pdftex.def Info: images/Interfaz/geometry.png  used on input line 196.
(pdftex.def)             Requested size: 184.28679pt x 204.61253pt.
<images/Interfaz/pattern.png, id=35, 453.695pt x 503.8825pt>
File: images/Interfaz/pattern.png Graphic file (type png)
<use images/Interfaz/pattern.png>
Package pdftex.def Info: images/Interfaz/pattern.png  used on input line 207.
(pdftex.def)             Requested size: 158.79562pt x 176.36151pt.
File: images/EPIE.jpeg Graphic file (type jpg)
<use images/EPIE.jpeg>
Package pdftex.def Info: images/EPIE.jpeg  used on input line 211.
(pdftex.def)             Requested size: 35.56593pt x 35.48097pt.
File: images/ucsm.png Graphic file (type png)
<use images/ucsm.png>
Package pdftex.def Info: images/ucsm.png  used on input line 211.
(pdftex.def)             Requested size: 28.45274pt x 28.44997pt.

Package fancyhdr Warning: \headheight is too small (12.0pt): 
(fancyhdr)                Make it at least 39.561pt, for example:
(fancyhdr)                \setlength{\headheight}{39.561pt}.
(fancyhdr)                You might also make \topmargin smaller to compensate:

(fancyhdr)                \addtolength{\topmargin}{-27.561pt}.

[3 <./images/Interfaz/main.png> <./images/Interfaz/geometry.png>]

Package natbib Warning: Citation `ant' on page 4 undefined on input line 214.

<images/Interfaz/impedancia.png, id=46, 496.85625pt x 672.5125pt>
File: images/Interfaz/impedancia.png Graphic file (type png)
<use images/Interfaz/impedancia.png>
Package pdftex.def Info: images/Interfaz/impedancia.png  used on input line 218
.
(pdftex.def)             Requested size: 173.90228pt x 235.38289pt.
File: images/EPIE.jpeg Graphic file (type jpg)
<use images/EPIE.jpeg>
Package pdftex.def Info: images/EPIE.jpeg  used on input line 233.
(pdftex.def)             Requested size: 35.56593pt x 35.48097pt.
File: images/ucsm.png Graphic file (type png)
<use images/ucsm.png>
Package pdftex.def Info: images/ucsm.png  used on input line 233.
(pdftex.def)             Requested size: 28.45274pt x 28.44997pt.

Package fancyhdr Warning: \headheight is too small (12.0pt): 
(fancyhdr)                Make it at least 39.561pt, for example:
(fancyhdr)                \setlength{\headheight}{39.561pt}.
(fancyhdr)                You might also make \topmargin smaller to compensate:

(fancyhdr)                \addtolength{\topmargin}{-27.561pt}.

[4 <./images/Interfaz/pattern.png> <./images/Interfaz/impedancia.png>]
<images/Procesado/main2.png, id=59, 553.06625pt x 420.57124pt>
File: images/Procesado/main2.png Graphic file (type png)
<use images/Procesado/main2.png>
Package pdftex.def Info: images/Procesado/main2.png  used on input line 246.
(pdftex.def)             Requested size: 193.57608pt x 147.20213pt.
<images/4NEC2/geometry2.png, id=60, 610.28pt x 444.66125pt>
File: images/4NEC2/geometry2.png Graphic file (type png)
<use images/4NEC2/geometry2.png>
Package pdftex.def Info: images/4NEC2/geometry2.png  used on input line 256.
(pdftex.def)             Requested size: 183.0854pt x 133.3994pt.
File: images/EPIE.jpeg Graphic file (type jpg)
<use images/EPIE.jpeg>
Package pdftex.def Info: images/EPIE.jpeg  used on input line 260.
(pdftex.def)             Requested size: 35.56593pt x 35.48097pt.
File: images/ucsm.png Graphic file (type png)
<use images/ucsm.png>
Package pdftex.def Info: images/ucsm.png  used on input line 260.
(pdftex.def)             Requested size: 28.45274pt x 28.44997pt.


Package fancyhdr Warning: \headheight is too small (12.0pt): 
(fancyhdr)                Make it at least 39.561pt, for example:
(fancyhdr)                \setlength{\headheight}{39.561pt}.
(fancyhdr)                You might also make \topmargin smaller to compensate:

(fancyhdr)                \addtolength{\topmargin}{-27.561pt}.

[5 <./images/Procesado/main2.png>]
Underfull \hbox (badness 10000) in paragraph at lines 272--274

 []

File: images/EPIE.jpeg Graphic file (type jpg)
<use images/EPIE.jpeg>
Package pdftex.def Info: images/EPIE.jpeg  used on input line 278.
(pdftex.def)             Requested size: 35.56593pt x 35.48097pt.
File: images/ucsm.png Graphic file (type png)
<use images/ucsm.png>
Package pdftex.def Info: images/ucsm.png  used on input line 278.
(pdftex.def)             Requested size: 28.45274pt x 28.44997pt.

Package fancyhdr Warning: \headheight is too small (12.0pt): 
(fancyhdr)                Make it at least 39.561pt, for example:
(fancyhdr)                \setlength{\headheight}{39.561pt}.
(fancyhdr)                You might also make \topmargin smaller to compensate:

(fancyhdr)                \addtolength{\topmargin}{-27.561pt}.

[6 <./images/4NEC2/geometry2.png>]
<images/Ejemplos/yagi.png, id=79, 671.50874pt x 596.2275pt>
File: images/Ejemplos/yagi.png Graphic file (type png)
<use images/Ejemplos/yagi.png>
Package pdftex.def Info: images/Ejemplos/yagi.png  used on input line 308.
(pdftex.def)             Requested size: 235.03159pt x 208.68274pt.
File: images/EPIE.jpeg Graphic file (type jpg)
<use images/EPIE.jpeg>
Package pdftex.def Info: images/EPIE.jpeg  used on input line 311.
(pdftex.def)             Requested size: 35.56593pt x 35.48097pt.
File: images/ucsm.png Graphic file (type png)
<use images/ucsm.png>
Package pdftex.def Info: images/ucsm.png  used on input line 311.
(pdftex.def)             Requested size: 28.45274pt x 28.44997pt.


Package fancyhdr Warning: \headheight is too small (12.0pt): 
(fancyhdr)                Make it at least 39.561pt, for example:
(fancyhdr)                \setlength{\headheight}{39.561pt}.
(fancyhdr)                You might also make \topmargin smaller to compensate:

(fancyhdr)                \addtolength{\topmargin}{-27.561pt}.

[7]
<images/Ejemplos/yagi1.png, id=88, 671.50874pt x 596.2275pt>
File: images/Ejemplos/yagi1.png Graphic file (type png)
<use images/Ejemplos/yagi1.png>
Package pdftex.def Info: images/Ejemplos/yagi1.png  used on input line 316.
(pdftex.def)             Requested size: 235.03159pt x 208.68274pt.
<images/Ejemplos/datos.png, id=89, 272.01625pt x 331.2375pt>
File: images/Ejemplos/datos.png Graphic file (type png)
<use images/Ejemplos/datos.png>
Package pdftex.def Info: images/Ejemplos/datos.png  used on input line 325.
(pdftex.def)             Requested size: 136.00778pt x 165.61833pt.
File: images/EPIE.jpeg Graphic file (type jpg)
<use images/EPIE.jpeg>
Package pdftex.def Info: images/EPIE.jpeg  used on input line 329.
(pdftex.def)             Requested size: 35.56593pt x 35.48097pt.
File: images/ucsm.png Graphic file (type png)
<use images/ucsm.png>
Package pdftex.def Info: images/ucsm.png  used on input line 329.
(pdftex.def)             Requested size: 28.45274pt x 28.44997pt.


Package fancyhdr Warning: \headheight is too small (12.0pt): 
(fancyhdr)                Make it at least 39.561pt, for example:
(fancyhdr)                \setlength{\headheight}{39.561pt}.
(fancyhdr)                You might also make \topmargin smaller to compensate:

(fancyhdr)                \addtolength{\topmargin}{-27.561pt}.

[8 <./images/Ejemplos/yagi.png> <./images/Ejemplos/yagi1.png>]
<images/Ejemplos/geo.png, id=99, 409.53pt x 454.69875pt>
File: images/Ejemplos/geo.png Graphic file (type png)
<use images/Ejemplos/geo.png>
Package pdftex.def Info: images/Ejemplos/geo.png  used on input line 334.
(pdftex.def)             Requested size: 204.7645pt x 227.34882pt.
<images/Ejemplos/main1.png, id=100, 388.45125pt x 571.13374pt>
File: images/Ejemplos/main1.png Graphic file (type png)
<use images/Ejemplos/main1.png>
Package pdftex.def Info: images/Ejemplos/main1.png  used on input line 341.
(pdftex.def)             Requested size: 155.37773pt x 228.44945pt.
File: images/EPIE.jpeg Graphic file (type jpg)
<use images/EPIE.jpeg>
Package pdftex.def Info: images/EPIE.jpeg  used on input line 345.
(pdftex.def)             Requested size: 35.56593pt x 35.48097pt.
File: images/ucsm.png Graphic file (type png)
<use images/ucsm.png>
Package pdftex.def Info: images/ucsm.png  used on input line 345.
(pdftex.def)             Requested size: 28.45274pt x 28.44997pt.


Package fancyhdr Warning: \headheight is too small (12.0pt): 
(fancyhdr)                Make it at least 39.561pt, for example:
(fancyhdr)                \setlength{\headheight}{39.561pt}.
(fancyhdr)                You might also make \topmargin smaller to compensate:

(fancyhdr)                \addtolength{\topmargin}{-27.561pt}.

[9 <./images/Ejemplos/datos.png> <./images/Ejemplos/geo.png>]
<images/Ejemplos/patern.png, id=109, 453.695pt x 503.8825pt>
File: images/Ejemplos/patern.png Graphic file (type png)
<use images/Ejemplos/patern.png>
Package pdftex.def Info: images/Ejemplos/patern.png  used on input line 348.
(pdftex.def)             Requested size: 181.47478pt x 201.54942pt.
<images/Ejemplos/smith.png, id=110, 684.5575pt x 596.2275pt>
File: images/Ejemplos/smith.png Graphic file (type png)
<use images/Ejemplos/smith.png>
Package pdftex.def Info: images/Ejemplos/smith.png  used on input line 355.
(pdftex.def)             Requested size: 273.81815pt x 238.48677pt.
File: images/EPIE.jpeg Graphic file (type jpg)
<use images/EPIE.jpeg>
Package pdftex.def Info: images/EPIE.jpeg  used on input line 359.
(pdftex.def)             Requested size: 35.56593pt x 35.48097pt.
File: images/ucsm.png Graphic file (type png)
<use images/ucsm.png>
Package pdftex.def Info: images/ucsm.png  used on input line 359.
(pdftex.def)             Requested size: 28.45274pt x 28.44997pt.


Package fancyhdr Warning: \headheight is too small (12.0pt): 
(fancyhdr)                Make it at least 39.561pt, for example:
(fancyhdr)                \setlength{\headheight}{39.561pt}.
(fancyhdr)                You might also make \topmargin smaller to compensate:

(fancyhdr)                \addtolength{\topmargin}{-27.561pt}.

[10 <./images/Ejemplos/main1.png> <./images/Ejemplos/patern.png>]

LaTeX Warning: Reference `sec:3.2' on page 11 undefined on input line 360.


LaTeX Warning: Reference `sec:3.2' on page 11 undefined on input line 361.

File: images/EPIE.jpeg Graphic file (type jpg)
<use images/EPIE.jpeg>
Package pdftex.def Info: images/EPIE.jpeg  used on input line 384.
(pdftex.def)             Requested size: 35.56593pt x 35.48097pt.
File: images/ucsm.png Graphic file (type png)
<use images/ucsm.png>
Package pdftex.def Info: images/ucsm.png  used on input line 384.
(pdftex.def)             Requested size: 28.45274pt x 28.44997pt.

Package fancyhdr Warning: \headheight is too small (12.0pt): 
(fancyhdr)                Make it at least 39.561pt, for example:
(fancyhdr)                \setlength{\headheight}{39.561pt}.
(fancyhdr)                You might also make \topmargin smaller to compensate:

(fancyhdr)                \addtolength{\topmargin}{-27.561pt}.

[11 <./images/Ejemplos/smith.png>]
Underfull \hbox (badness 10000) in paragraph at lines 388--389

 []

<images/dipolo/dipolo1.png, id=128, 671.50874pt x 596.2275pt>
File: images/dipolo/dipolo1.png Graphic file (type png)
<use images/dipolo/dipolo1.png>
Package pdftex.def Info: images/dipolo/dipolo1.png  used on input line 395.
(pdftex.def)             Requested size: 235.03159pt x 208.68274pt.
<images/dipolo/dipolo2.png, id=129, 671.50874pt x 596.2275pt>
File: images/dipolo/dipolo2.png Graphic file (type png)
<use images/dipolo/dipolo2.png>
Package pdftex.def Info: images/dipolo/dipolo2.png  used on input line 396.
(pdftex.def)             Requested size: 235.03159pt x 208.68274pt.
<images/dipolo/dipolomain.png, id=130, 388.45125pt x 571.13374pt>
File: images/dipolo/dipolomain.png Graphic file (type png)
<use images/dipolo/dipolomain.png>
Package pdftex.def Info: images/dipolo/dipolomain.png  used on input line 407.
(pdftex.def)             Requested size: 155.37773pt x 228.44945pt.
File: images/EPIE.jpeg Graphic file (type jpg)
<use images/EPIE.jpeg>
Package pdftex.def Info: images/EPIE.jpeg  used on input line 410.
(pdftex.def)             Requested size: 35.56593pt x 35.48097pt.
File: images/ucsm.png Graphic file (type png)
<use images/ucsm.png>
Package pdftex.def Info: images/ucsm.png  used on input line 410.
(pdftex.def)             Requested size: 28.45274pt x 28.44997pt.

Package fancyhdr Warning: \headheight is too small (12.0pt): 
(fancyhdr)                Make it at least 39.561pt, for example:
(fancyhdr)                \setlength{\headheight}{39.561pt}.
(fancyhdr)                You might also make \topmargin smaller to compensate:

(fancyhdr)                \addtolength{\topmargin}{-27.561pt}.

[12 <./images/dipolo/dipolo1.png> <./images/dipolo/dipolo2.png>]
<images/dipolo/dipoloswr.png, id=139, 496.85625pt x 672.5125pt>
File: images/dipolo/dipoloswr.png Graphic file (type png)
<use images/dipolo/dipoloswr.png>
Package pdftex.def Info: images/dipolo/dipoloswr.png  used on input line 422.
(pdftex.def)             Requested size: 198.73897pt x 269.00023pt.
File: images/EPIE.jpeg Graphic file (type jpg)
<use images/EPIE.jpeg>
Package pdftex.def Info: images/EPIE.jpeg  used on input line 426.
(pdftex.def)             Requested size: 35.56593pt x 35.48097pt.
File: images/ucsm.png Graphic file (type png)
<use images/ucsm.png>
Package pdftex.def Info: images/ucsm.png  used on input line 426.
(pdftex.def)             Requested size: 28.45274pt x 28.44997pt.


Package fancyhdr Warning: \headheight is too small (12.0pt): 
(fancyhdr)                Make it at least 39.561pt, for example:
(fancyhdr)                \setlength{\headheight}{39.561pt}.
(fancyhdr)                You might also make \topmargin smaller to compensate:

(fancyhdr)                \addtolength{\topmargin}{-27.561pt}.

[13 <./images/dipolo/dipolomain.png>]
<images/dipolo/1dipolo.png, id=146, 671.50874pt x 596.2275pt>
File: images/dipolo/1dipolo.png Graphic file (type png)
<use images/dipolo/1dipolo.png>
Package pdftex.def Info: images/dipolo/1dipolo.png  used on input line 432.
(pdftex.def)             Requested size: 235.03159pt x 208.68274pt.
<images/dipolo/2dipolo.png, id=147, 671.50874pt x 596.2275pt>
File: images/dipolo/2dipolo.png Graphic file (type png)
<use images/dipolo/2dipolo.png>
Package pdftex.def Info: images/dipolo/2dipolo.png  used on input line 433.
(pdftex.def)             Requested size: 235.03159pt x 208.68274pt.
File: images/EPIE.jpeg Graphic file (type jpg)
<use images/EPIE.jpeg>
Package pdftex.def Info: images/EPIE.jpeg  used on input line 437.
(pdftex.def)             Requested size: 35.56593pt x 35.48097pt.
File: images/ucsm.png Graphic file (type png)
<use images/ucsm.png>
Package pdftex.def Info: images/ucsm.png  used on input line 437.
(pdftex.def)             Requested size: 28.45274pt x 28.44997pt.


Package fancyhdr Warning: \headheight is too small (12.0pt): 
(fancyhdr)                Make it at least 39.561pt, for example:
(fancyhdr)                \setlength{\headheight}{39.561pt}.
(fancyhdr)                You might also make \topmargin smaller to compensate:

(fancyhdr)                \addtolength{\topmargin}{-27.561pt}.

[14 <./images/dipolo/dipoloswr.png>]
<images/dipolo/1dipolomain.png, id=154, 388.45125pt x 571.13374pt>
File: images/dipolo/1dipolomain.png Graphic file (type png)
<use images/dipolo/1dipolomain.png>
Package pdftex.def Info: images/dipolo/1dipolomain.png  used on input line 442.

(pdftex.def)             Requested size: 155.37773pt x 228.44945pt.
<images/dipolo/1dipoloswr.png, id=155, 496.85625pt x 672.5125pt>
File: images/dipolo/1dipoloswr.png Graphic file (type png)
<use images/dipolo/1dipoloswr.png>
Package pdftex.def Info: images/dipolo/1dipoloswr.png  used on input line 443.
(pdftex.def)             Requested size: 198.73897pt x 269.00023pt.
File: images/EPIE.jpeg Graphic file (type jpg)
<use images/EPIE.jpeg>
Package pdftex.def Info: images/EPIE.jpeg  used on input line 447.
(pdftex.def)             Requested size: 35.56593pt x 35.48097pt.
File: images/ucsm.png Graphic file (type png)
<use images/ucsm.png>
Package pdftex.def Info: images/ucsm.png  used on input line 447.
(pdftex.def)             Requested size: 28.45274pt x 28.44997pt.


Package fancyhdr Warning: \headheight is too small (12.0pt): 
(fancyhdr)                Make it at least 39.561pt, for example:
(fancyhdr)                \setlength{\headheight}{39.561pt}.
(fancyhdr)                You might also make \topmargin smaller to compensate:

(fancyhdr)                \addtolength{\topmargin}{-27.561pt}.

[15 <./images/dipolo/1dipolo.png> <./images/dipolo/2dipolo.png>]
<images/dipolo/1pattern.png, id=163, 441.65pt x 491.8375pt>
File: images/dipolo/1pattern.png Graphic file (type png)
<use images/dipolo/1pattern.png>
Package pdftex.def Info: images/dipolo/1pattern.png  used on input line 452.
(pdftex.def)             Requested size: 154.5798pt x 172.14569pt.
File: images/EPIE.jpeg Graphic file (type jpg)
<use images/EPIE.jpeg>
Package pdftex.def Info: images/EPIE.jpeg  used on input line 462.
(pdftex.def)             Requested size: 35.56593pt x 35.48097pt.
File: images/ucsm.png Graphic file (type png)
<use images/ucsm.png>
Package pdftex.def Info: images/ucsm.png  used on input line 462.
(pdftex.def)             Requested size: 28.45274pt x 28.44997pt.


Package fancyhdr Warning: \headheight is too small (12.0pt): 
(fancyhdr)                Make it at least 39.561pt, for example:
(fancyhdr)                \setlength{\headheight}{39.561pt}.
(fancyhdr)                You might also make \topmargin smaller to compensate:

(fancyhdr)                \addtolength{\topmargin}{-27.561pt}.

[16 <./images/dipolo/1dipolomain.png> <./images/dipolo/1dipoloswr.png> <./image
s/dipolo/1pattern.png>]
File: images/EPIE.jpeg Graphic file (type jpg)
<use images/EPIE.jpeg>
Package pdftex.def Info: images/EPIE.jpeg  used on input line 468.
(pdftex.def)             Requested size: 35.56593pt x 35.48097pt.
File: images/ucsm.png Graphic file (type png)
<use images/ucsm.png>
Package pdftex.def Info: images/ucsm.png  used on input line 468.
(pdftex.def)             Requested size: 28.45274pt x 28.44997pt.


Package fancyhdr Warning: \headheight is too small (12.0pt): 
(fancyhdr)                Make it at least 39.561pt, for example:
(fancyhdr)                \setlength{\headheight}{39.561pt}.
(fancyhdr)                You might also make \topmargin smaller to compensate:

(fancyhdr)                \addtolength{\topmargin}{-27.561pt}.

[17]
No file main.bbl.

Package natbib Warning: There were undefined citations.

(./main.aux
LaTeX Info: Redefining \. on input line 25.
LaTeX Info: Redefining \% on input line 25.
)

LaTeX Warning: There were undefined references.


LaTeX Warning: Label(s) may have changed. Rerun to get cross-references right.


Package rerunfilecheck Warning: File `main.out' has changed.
(rerunfilecheck)                Rerun to get outlines right
(rerunfilecheck)                or use package `bookmark'.

Package rerunfilecheck Info: Checksums for `main.out':
(rerunfilecheck)             Before: <no file>
(rerunfilecheck)             After:  FB91FCE896D39EF14E57CB6E965E9500;3136.
 ) 
Here is how much of TeX's memory you used:
 15107 strings out of 480185
 241382 string characters out of 5894213
 735152 words of memory out of 5000000
 32773 multiletter control sequences out of 15000+600000
 483287 words of font info for 56 fonts, out of 8000000 for 9000
 40 hyphenation exceptions out of 8191
 60i,16n,63p,608b,435s stack positions out of 5000i,500n,10000p,200000b,80000s
 </home/luis/.texlive2021/texmf-var/fonts/pk/ljfour/jknappen/ec/ecbi1095.600p
k> </home/luis/.texlive2021/texmf-var/fonts/pk/ljfour/jknappen/ec/ecrm0600.600p
k> </home/luis/.texlive2021/texmf-var/fonts/pk/ljfour/jknappen/ec/ecbx1095.600p
k> </home/luis/.texlive2021/texmf-var/fonts/pk/ljfour/jknappen/ec/ecti1095.600p
k> </home/luis/.texlive2021/texmf-var/fonts/pk/ljfour/jknappen/ec/ecrm1095.600p
k> </home/luis/.texlive2021/texmf-var/fonts/pk/ljfour/jknappen/ec/ecbx1200.600p
k> </home/luis/.texlive2021/texmf-var/fonts/pk/ljfour/jknappen/ec/ecrm0900.600p
k> </home/luis/.texlive2021/texmf-var/fonts/pk/ljfour/jknappen/ec/ecrm1200.600p
k> </home/luis/.texlive2021/texmf-var/fonts/pk/ljfour/jknappen/ec/ecti1200.600p
k> </home/luis/.texlive2021/texmf-var/fonts/pk/ljfour/jknappen/ec/ecbx2074.600p
k> </home/luis/.texlive2021/texmf-var/fonts/pk/ljfour/jknappen/ec/eccc1728.600p
k></usr/share/texlive/texmf-dist/fonts/type1/public/amsfonts/cm/cmmi10.pfb></us
r/share/texlive/texmf-dist/fonts/type1/public/amsfonts/cm/cmmi8.pfb></usr/share
/texlive/texmf-dist/fonts/type1/public/amsfonts/cm/cmr10.pfb></usr/share/texliv
e/texmf-dist/fonts/type1/public/amsfonts/cm/cmr8.pfb>
Output written on main.pdf (18 pages, 740562 bytes).
PDF statistics:
 508 PDF objects out of 1000 (max. 8388607)
 168 compressed objects within 2 object streams
 55 named destinations out of 1000 (max. 500000)
 121 words of extra memory for PDF output out of 10000 (max. 10000000)

